<?xml version="1.0" encoding="UTF-8"?>
<!-- Generated by org.testng.reporters.JUnitReportReporter -->
<testsuite hostname="AkkuPC" failures="0" tests="1" name="newpackage.NewTest" time="54.633" errors="0" timestamp="28 Jun 2019 16:43:22 GMT" skipped="0">
  <testcase classname="newpackage.NewTest" name="verifyHomepageTitle" time="54.633"/>
</testsuite> <!-- newpackage.NewTest -->
